<?xml version="1.0" encoding="UTF-8"?>
<!-- Generated by org.testng.reporters.JUnitReportReporter -->
<testsuite skipped="0" hostname="DESKTOP-MO4JL37" name="testClasses.KT_TC101" tests="1" failures="0" timestamp="2022-04-17T11:15:53 IST" time="4.091" errors="0">
  <testcase name="tc101" time="4.091" classname="testClasses.KT_TC101"/>
  <system-out/>
</testsuite> <!-- testClasses.KT_TC101 -->
